16/02/10 22:25:33 WARN NativeCodeLoader: Unable to load native-hadoop library for your platform... using builtin-java classes where applicable
 16/02/10 22:25:34 INFO SecurityManager: Changing view acls to: root
 16/02/10 22:25:34 INFO SecurityManager: Changing modify acls to: root
 16/02/10 22:25:34 INFO SecurityManager: SecurityManager: authentication disabled; ui acls disabled; users with view permissions: Set(root); users with modify permissions: Set(root)
 16/02/10 22:25:34 INFO HttpServer: Starting HTTP Server
 16/02/10 22:25:34 INFO Utils: Successfully started service 'HTTP class server' on port 36114.
 16/02/10 22:25:40 WARN Utils: Your hostname, ubuntu resolves to a loopback address: 127.0.1.1; using 192.168.43.133 instead (on interface eno16777736)
 16/02/10 22:25:40 WARN Utils: Set SPARK_LOCAL_IP if you need to bind to another address
 16/02/10 22:25:40 INFO SparkContext: Running Spark version 1.6.0
 16/02/10 22:25:40 INFO SecurityManager: Changing view acls to: root
 16/02/10 22:25:40 INFO SecurityManager: Changing modify acls to: root
 16/02/10 22:25:40 INFO SecurityManager: SecurityManager: authentication disabled; ui acls disabled; users with view permissions: Set(root); users with modify permissions: Set(root)
 16/02/10 22:25:41 INFO Utils: Successfully started service 'sparkDriver' on port 39989.
 16/02/10 22:25:41 INFO Slf4jLogger: Slf4jLogger started
 16/02/10 22:25:41 INFO Remoting: Starting remoting
 16/02/10 22:25:42 INFO Remoting: Remoting started; listening on addresses :[akka.tcp://sparkDriverActorSystem@192.168.43.133:39459]
 16/02/10 22:25:42 INFO Utils: Successfully started service 'sparkDriverActorSystem' on port 39459.
 16/02/10 22:25:42 INFO SparkEnv: Registering MapOutputTracker
 16/02/10 22:25:42 INFO SparkEnv: Registering BlockManagerMaster
 16/02/10 22:25:42 INFO DiskBlockManager: Created local directory at /tmp/blockmgr-5ee94c00-1e53-433d-947b-f92a391c8a49
 16/02/10 22:25:42 INFO MemoryStore: MemoryStore started with capacity 517.4 MB
 16/02/10 22:25:42 INFO SparkEnv: Registering OutputCommitCoordinator
 16/02/10 22:25:42 INFO Utils: Successfully started service 'SparkUI' on port 4040.
 16/02/10 22:25:42 INFO SparkUI: Started SparkUI at http://192.168.43.133:4040
 16/02/10 22:25:42 INFO Executor: Starting executor ID driver on host localhost
 16/02/10 22:25:42 INFO Executor: Using REPL class URI: http://192.168.43.133:36114
 16/02/10 22:25:42 INFO Utils: Successfully started service 'org.apache.spark.network.netty.NettyBlockTransferService' on port 44249.
 16/02/10 22:25:42 INFO NettyBlockTransferService: Server created on 44249
 16/02/10 22:25:42 INFO BlockManagerMaster: Trying to register BlockManager
 16/02/10 22:25:42 INFO BlockManagerMasterEndpoint: Registering block manager localhost:44249 with 517.4 MB RAM, BlockManagerId(driver, localhost, 44249)
 16/02/10 22:25:42 INFO BlockManagerMaster: Registered BlockManager
 16/02/10 22:25:43 INFO SparkILoop: Created spark context..
 16/02/10 22:25:43 INFO SparkILoop: Created sql context..
 16/02/10 22:26:26 INFO MemoryStore: Block broadcast_0 stored as values in memory (estimated size 104.0 KB, free 104.0 KB)
 16/02/10 22:26:27 INFO MemoryStore: Block broadcast_0_piece0 stored as bytes in memory (estimated size 9.8 KB, free 113.8 KB)
 16/02/10 22:26:27 INFO BlockManagerInfo: Added broadcast_0_piece0 in memory on localhost:44249 (size: 9.8 KB, free: 517.4 MB)
 16/02/10 22:26:27 INFO SparkContext: Created broadcast 0 from textFile at <console>:27
 16/02/10 22:26:35 INFO FileInputFormat: Total input paths to process : 1
 16/02/10 22:26:43 INFO deprecation: mapred.tip.id is deprecated. Instead, use mapreduce.task.id
 16/02/10 22:26:43 INFO deprecation: mapred.task.id is deprecated. Instead, use mapreduce.task.attempt.id
 16/02/10 22:26:43 INFO deprecation: mapred.task.is.map is deprecated. Instead, use mapreduce.task.ismap
 16/02/10 22:26:43 INFO deprecation: mapred.task.partition is deprecated. Instead, use mapreduce.task.partition
 16/02/10 22:26:43 INFO deprecation: mapred.job.id is deprecated. Instead, use mapreduce.job.id
 16/02/10 22:26:43 INFO SparkContext: Starting job: saveAsTextFile at <console>:32
 16/02/10 22:26:43 INFO DAGScheduler: Registering RDD 3 (map at <console>:29)
 16/02/10 22:26:43 INFO DAGScheduler: Got job 0 (saveAsTextFile at <console>:32) with 13 output partitions
 16/02/10 22:26:43 INFO DAGScheduler: Final stage: ResultStage 1 (saveAsTextFile at <console>:32)
 16/02/10 22:26:43 INFO DAGScheduler: Parents of final stage: List(ShuffleMapStage 0)
 16/02/10 22:26:43 INFO DAGScheduler: Missing parents: List(ShuffleMapStage 0)
 16/02/10 22:26:43 INFO DAGScheduler: Submitting ShuffleMapStage 0 (MapPartitionsRDD[3] at map at <console>:29), which has no missing parents
 16/02/10 22:26:44 INFO MemoryStore: Block broadcast_1 stored as values in memory (estimated size 4.2 KB, free 118.0 KB)
 16/02/10 22:26:44 INFO MemoryStore: Block broadcast_1_piece0 stored as bytes in memory (estimated size 2.3 KB, free 120.3 KB)
 16/02/10 22:26:44 INFO BlockManagerInfo: Added broadcast_1_piece0 in memory on localhost:44249 (size: 2.3 KB, free: 517.4 MB)
 16/02/10 22:26:44 INFO SparkContext: Created broadcast 1 from broadcast at DAGScheduler.scala:1006
 16/02/10 22:26:44 INFO DAGScheduler: Submitting 13 missing tasks from ShuffleMapStage 0 (MapPartitionsRDD[3] at map at <console>:29)
 16/02/10 22:26:44 INFO TaskSchedulerImpl: Adding task set 0.0 with 13 tasks
 16/02/10 22:26:44 INFO TaskSetManager: Starting task 0.0 in stage 0.0 (TID 0, localhost, partition 0,PROCESS_LOCAL, 2140 bytes)
 16/02/10 22:26:44 INFO Executor: Running task 0.0 in stage 0.0 (TID 0)
 16/02/10 22:26:44 INFO HadoopRDD: Input split: file:/home/puri1513/Desktop/FinalStuff/MyFile.txt:0+33554432
 16/02/10 22:26:46 INFO Executor: Finished task 0.0 in stage 0.0 (TID 0). 2265 bytes result sent to driver
 16/02/10 22:26:46 INFO TaskSetManager: Starting task 1.0 in stage 0.0 (TID 1, localhost, partition 1,PROCESS_LOCAL, 2140 bytes)
 16/02/10 22:26:46 INFO Executor: Running task 1.0 in stage 0.0 (TID 1)
 16/02/10 22:26:46 INFO HadoopRDD: Input split: file:/home/puri1513/Desktop/FinalStuff/MyFile.txt:33554432+33554432
 16/02/10 22:26:46 INFO TaskSetManager: Finished task 0.0 in stage 0.0 (TID 0) in 1935 ms on localhost (1/13)
 16/02/10 22:26:47 INFO Executor: Finished task 1.0 in stage 0.0 (TID 1). 2265 bytes result sent to driver
 16/02/10 22:26:47 INFO TaskSetManager: Starting task 2.0 in stage 0.0 (TID 2, localhost, partition 2,PROCESS_LOCAL, 2140 bytes)
 16/02/10 22:26:47 INFO Executor: Running task 2.0 in stage 0.0 (TID 2)
 16/02/10 22:26:47 INFO HadoopRDD: Input split: file:/home/puri1513/Desktop/FinalStuff/MyFile.txt:67108864+33554432
 16/02/10 22:26:47 INFO TaskSetManager: Finished task 1.0 in stage 0.0 (TID 1) in 1133 ms on localhost (2/13)
 16/02/10 22:26:48 INFO Executor: Finished task 2.0 in stage 0.0 (TID 2). 2265 bytes result sent to driver
 16/02/10 22:26:48 INFO TaskSetManager: Starting task 3.0 in stage 0.0 (TID 3, localhost, partition 3,PROCESS_LOCAL, 2140 bytes)
 16/02/10 22:26:48 INFO Executor: Running task 3.0 in stage 0.0 (TID 3)
 16/02/10 22:26:48 INFO HadoopRDD: Input split: file:/home/puri1513/Desktop/FinalStuff/MyFile.txt:100663296+33554432
 16/02/10 22:26:48 INFO TaskSetManager: Finished task 2.0 in stage 0.0 (TID 2) in 659 ms on localhost (3/13)
 16/02/10 22:26:48 INFO Executor: Finished task 3.0 in stage 0.0 (TID 3). 2265 bytes result sent to driver
 16/02/10 22:26:48 INFO TaskSetManager: Starting task 4.0 in stage 0.0 (TID 4, localhost, partition 4,PROCESS_LOCAL, 2140 bytes)
 16/02/10 22:26:48 INFO Executor: Running task 4.0 in stage 0.0 (TID 4)
 16/02/10 22:26:48 INFO HadoopRDD: Input split: file:/home/puri1513/Desktop/FinalStuff/MyFile.txt:134217728+33554432
 16/02/10 22:26:48 INFO TaskSetManager: Finished task 3.0 in stage 0.0 (TID 3) in 708 ms on localhost (4/13)
 16/02/10 22:26:49 INFO Executor: Finished task 4.0 in stage 0.0 (TID 4). 2265 bytes result sent to driver
 16/02/10 22:26:49 INFO TaskSetManager: Starting task 5.0 in stage 0.0 (TID 5, localhost, partition 5,PROCESS_LOCAL, 2140 bytes)
 16/02/10 22:26:49 INFO TaskSetManager: Finished task 4.0 in stage 0.0 (TID 4) in 647 ms on localhost (5/13)
 16/02/10 22:26:49 INFO Executor: Running task 5.0 in stage 0.0 (TID 5)
 16/02/10 22:26:49 INFO HadoopRDD: Input split: file:/home/puri1513/Desktop/FinalStuff/MyFile.txt:167772160+33554432
 16/02/10 22:26:49 INFO Executor: Finished task 5.0 in stage 0.0 (TID 5). 2265 bytes result sent to driver
 16/02/10 22:26:50 INFO TaskSetManager: Starting task 6.0 in stage 0.0 (TID 6, localhost, partition 6,PROCESS_LOCAL, 2140 bytes)
 16/02/10 22:26:50 INFO Executor: Running task 6.0 in stage 0.0 (TID 6)
 16/02/10 22:26:50 INFO TaskSetManager: Finished task 5.0 in stage 0.0 (TID 5) in 607 ms on localhost (6/13)
 16/02/10 22:26:50 INFO HadoopRDD: Input split: file:/home/puri1513/Desktop/FinalStuff/MyFile.txt:201326592+33554432
 16/02/10 22:26:50 INFO Executor: Finished task 6.0 in stage 0.0 (TID 6). 2265 bytes result sent to driver
 16/02/10 22:26:50 INFO TaskSetManager: Starting task 7.0 in stage 0.0 (TID 7, localhost, partition 7,PROCESS_LOCAL, 2140 bytes)
 16/02/10 22:26:50 INFO TaskSetManager: Finished task 6.0 in stage 0.0 (TID 6) in 672 ms on localhost (7/13)
 16/02/10 22:26:50 INFO Executor: Running task 7.0 in stage 0.0 (TID 7)
 16/02/10 22:26:50 INFO HadoopRDD: Input split: file:/home/puri1513/Desktop/FinalStuff/MyFile.txt:234881024+33554432
 16/02/10 22:26:51 INFO Executor: Finished task 7.0 in stage 0.0 (TID 7). 2265 bytes result sent to driver
 16/02/10 22:26:51 INFO TaskSetManager: Starting task 8.0 in stage 0.0 (TID 8, localhost, partition 8,PROCESS_LOCAL, 2140 bytes)
 16/02/10 22:26:51 INFO TaskSetManager: Finished task 7.0 in stage 0.0 (TID 7) in 723 ms on localhost (8/13)
 16/02/10 22:26:51 INFO Executor: Running task 8.0 in stage 0.0 (TID 8)
 16/02/10 22:26:51 INFO HadoopRDD: Input split: file:/home/puri1513/Desktop/FinalStuff/MyFile.txt:268435456+33554432
 16/02/10 22:26:52 INFO Executor: Finished task 8.0 in stage 0.0 (TID 8). 2265 bytes result sent to driver
 16/02/10 22:26:52 INFO TaskSetManager: Starting task 9.0 in stage 0.0 (TID 9, localhost, partition 9,PROCESS_LOCAL, 2140 bytes)
 16/02/10 22:26:52 INFO Executor: Running task 9.0 in stage 0.0 (TID 9)
 16/02/10 22:26:52 INFO TaskSetManager: Finished task 8.0 in stage 0.0 (TID 8) in 649 ms on localhost (9/13)
 16/02/10 22:26:52 INFO HadoopRDD: Input split: file:/home/puri1513/Desktop/FinalStuff/MyFile.txt:301989888+33554432
 16/02/10 22:26:52 INFO Executor: Finished task 9.0 in stage 0.0 (TID 9). 2265 bytes result sent to driver
 16/02/10 22:26:52 INFO TaskSetManager: Starting task 10.0 in stage 0.0 (TID 10, localhost, partition 10,PROCESS_LOCAL, 2140 bytes)
 16/02/10 22:26:52 INFO Executor: Running task 10.0 in stage 0.0 (TID 10)
 16/02/10 22:26:52 INFO TaskSetManager: Finished task 9.0 in stage 0.0 (TID 9) in 662 ms on localhost (10/13)
 16/02/10 22:26:52 INFO HadoopRDD: Input split: file:/home/puri1513/Desktop/FinalStuff/MyFile.txt:335544320+33554432
 16/02/10 22:26:53 INFO Executor: Finished task 10.0 in stage 0.0 (TID 10). 2265 bytes result sent to driver
 16/02/10 22:26:53 INFO TaskSetManager: Starting task 11.0 in stage 0.0 (TID 11, localhost, partition 11,PROCESS_LOCAL, 2140 bytes)
 16/02/10 22:26:53 INFO Executor: Running task 11.0 in stage 0.0 (TID 11)
 16/02/10 22:26:53 INFO TaskSetManager: Finished task 10.0 in stage 0.0 (TID 10) in 753 ms on localhost (11/13)
 16/02/10 22:26:53 INFO HadoopRDD: Input split: file:/home/puri1513/Desktop/FinalStuff/MyFile.txt:369098752+33554432
 16/02/10 22:26:54 INFO Executor: Finished task 11.0 in stage 0.0 (TID 11). 2265 bytes result sent to driver
 16/02/10 22:26:54 INFO TaskSetManager: Starting task 12.0 in stage 0.0 (TID 12, localhost, partition 12,PROCESS_LOCAL, 2140 bytes)
 16/02/10 22:26:54 INFO TaskSetManager: Finished task 11.0 in stage 0.0 (TID 11) in 761 ms on localhost (12/13)
 16/02/10 22:26:54 INFO Executor: Running task 12.0 in stage 0.0 (TID 12)
 16/02/10 22:26:54 INFO HadoopRDD: Input split: file:/home/puri1513/Desktop/FinalStuff/MyFile.txt:402653184+5682029
 16/02/10 22:26:54 INFO Executor: Finished task 12.0 in stage 0.0 (TID 12). 2265 bytes result sent to driver
 16/02/10 22:26:54 INFO DAGScheduler: ShuffleMapStage 0 (map at <console>:29) finished in 10.054 s
 16/02/10 22:26:54 INFO DAGScheduler: looking for newly runnable stages
 16/02/10 22:26:54 INFO DAGScheduler: running: Set()
 16/02/10 22:26:54 INFO DAGScheduler: waiting: Set(ResultStage 1)
 16/02/10 22:26:54 INFO DAGScheduler: failed: Set()
 16/02/10 22:26:54 INFO TaskSetManager: Finished task 12.0 in stage 0.0 (TID 12) in 209 ms on localhost (13/13)
 16/02/10 22:26:54 INFO TaskSchedulerImpl: Removed TaskSet 0.0, whose tasks have all completed, from pool 
 16/02/10 22:26:54 INFO DAGScheduler: Submitting ResultStage 1 (MapPartitionsRDD[5] at saveAsTextFile at <console>:32), which has no missing parents
 16/02/10 22:26:54 INFO MemoryStore: Block broadcast_2 stored as values in memory (estimated size 48.7 KB, free 169.0 KB)
 16/02/10 22:26:54 INFO MemoryStore: Block broadcast_2_piece0 stored as bytes in memory (estimated size 17.0 KB, free 186.0 KB)
 16/02/10 22:26:54 INFO BlockManagerInfo: Added broadcast_2_piece0 in memory on localhost:44249 (size: 17.0 KB, free: 517.4 MB)
 16/02/10 22:26:54 INFO SparkContext: Created broadcast 2 from broadcast at DAGScheduler.scala:1006
 16/02/10 22:26:54 INFO DAGScheduler: Submitting 13 missing tasks from ResultStage 1 (MapPartitionsRDD[5] at saveAsTextFile at <console>:32)
 16/02/10 22:26:54 INFO TaskSchedulerImpl: Adding task set 1.0 with 13 tasks
 16/02/10 22:26:54 INFO TaskSetManager: Starting task 0.0 in stage 1.0 (TID 13, localhost, partition 0,NODE_LOCAL, 1894 bytes)
 16/02/10 22:26:54 INFO Executor: Running task 0.0 in stage 1.0 (TID 13)
 16/02/10 22:26:54 INFO deprecation: mapred.output.dir is deprecated. Instead, use mapreduce.output.fileoutputformat.outputdir
 16/02/10 22:26:54 INFO deprecation: mapred.output.key.class is deprecated. Instead, use mapreduce.job.output.key.class
 16/02/10 22:26:54 INFO deprecation: mapred.output.value.class is deprecated. Instead, use mapreduce.job.output.value.class
 16/02/10 22:26:54 INFO deprecation: mapred.working.dir is deprecated. Instead, use mapreduce.job.working.dir
 16/02/10 22:26:54 INFO ShuffleBlockFetcherIterator: Getting 13 non-empty blocks out of 13 blocks
 16/02/10 22:26:54 INFO ShuffleBlockFetcherIterator: Started 0 remote fetches in 5 ms
 16/02/10 22:26:56 INFO FileOutputCommitter: Saved output of task 'attempt_201602102226_0001_m_000000_13' to file:/home/puri1513/Desktop/FinalStuff/output/_temporary/0/task_201602102226_0001_m_000000
 16/02/10 22:26:56 INFO SparkHadoopMapRedUtil: attempt_201602102226_0001_m_000000_13: Committed
 16/02/10 22:26:56 INFO Executor: Finished task 0.0 in stage 1.0 (TID 13). 1165 bytes result sent to driver
 16/02/10 22:26:56 INFO TaskSetManager: Starting task 1.0 in stage 1.0 (TID 14, localhost, partition 1,NODE_LOCAL, 1894 bytes)
 16/02/10 22:26:56 INFO Executor: Running task 1.0 in stage 1.0 (TID 14)
 16/02/10 22:26:56 INFO TaskSetManager: Finished task 0.0 in stage 1.0 (TID 13) in 1706 ms on localhost (1/13)
 16/02/10 22:26:56 INFO ShuffleBlockFetcherIterator: Getting 13 non-empty blocks out of 13 blocks
 16/02/10 22:26:56 INFO ShuffleBlockFetcherIterator: Started 0 remote fetches in 1 ms
 16/02/10 22:26:57 INFO FileOutputCommitter: Saved output of task 'attempt_201602102226_0001_m_000001_14' to file:/home/puri1513/Desktop/FinalStuff/output/_temporary/0/task_201602102226_0001_m_000001
 16/02/10 22:26:57 INFO SparkHadoopMapRedUtil: attempt_201602102226_0001_m_000001_14: Committed
 16/02/10 22:26:57 INFO Executor: Finished task 1.0 in stage 1.0 (TID 14). 1165 bytes result sent to driver
 16/02/10 22:26:57 INFO TaskSetManager: Starting task 2.0 in stage 1.0 (TID 15, localhost, partition 2,NODE_LOCAL, 1894 bytes)
 16/02/10 22:26:57 INFO TaskSetManager: Finished task 1.0 in stage 1.0 (TID 14) in 889 ms on localhost (2/13)
 16/02/10 22:26:57 INFO Executor: Running task 2.0 in stage 1.0 (TID 15)
 16/02/10 22:26:57 INFO ShuffleBlockFetcherIterator: Getting 13 non-empty blocks out of 13 blocks
 16/02/10 22:26:57 INFO ShuffleBlockFetcherIterator: Started 0 remote fetches in 0 ms
 16/02/10 22:26:57 INFO FileOutputCommitter: Saved output of task 'attempt_201602102226_0001_m_000002_15' to file:/home/puri1513/Desktop/FinalStuff/output/_temporary/0/task_201602102226_0001_m_000002
 16/02/10 22:26:57 INFO SparkHadoopMapRedUtil: attempt_201602102226_0001_m_000002_15: Committed
 16/02/10 22:26:57 INFO Executor: Finished task 2.0 in stage 1.0 (TID 15). 1165 bytes result sent to driver
 16/02/10 22:26:57 INFO TaskSetManager: Starting task 3.0 in stage 1.0 (TID 16, localhost, partition 3,NODE_LOCAL, 1894 bytes)
 16/02/10 22:26:57 INFO Executor: Running task 3.0 in stage 1.0 (TID 16)
 16/02/10 22:26:57 INFO TaskSetManager: Finished task 2.0 in stage 1.0 (TID 15) in 772 ms on localhost (3/13)
 16/02/10 22:26:57 INFO ShuffleBlockFetcherIterator: Getting 13 non-empty blocks out of 13 blocks
 16/02/10 22:26:57 INFO ShuffleBlockFetcherIterator: Started 0 remote fetches in 0 ms
 16/02/10 22:26:58 INFO FileOutputCommitter: Saved output of task 'attempt_201602102226_0001_m_000003_16' to file:/home/puri1513/Desktop/FinalStuff/output/_temporary/0/task_201602102226_0001_m_000003
 16/02/10 22:26:58 INFO SparkHadoopMapRedUtil: attempt_201602102226_0001_m_000003_16: Committed
 16/02/10 22:26:58 INFO Executor: Finished task 3.0 in stage 1.0 (TID 16). 1165 bytes result sent to driver
 16/02/10 22:26:58 INFO TaskSetManager: Starting task 4.0 in stage 1.0 (TID 17, localhost, partition 4,NODE_LOCAL, 1894 bytes)
 16/02/10 22:26:58 INFO TaskSetManager: Finished task 3.0 in stage 1.0 (TID 16) in 627 ms on localhost (4/13)
 16/02/10 22:26:58 INFO Executor: Running task 4.0 in stage 1.0 (TID 17)
 16/02/10 22:26:58 INFO ShuffleBlockFetcherIterator: Getting 13 non-empty blocks out of 13 blocks
 16/02/10 22:26:58 INFO ShuffleBlockFetcherIterator: Started 0 remote fetches in 0 ms
 16/02/10 22:26:59 INFO FileOutputCommitter: Saved output of task 'attempt_201602102226_0001_m_000004_17' to file:/home/puri1513/Desktop/FinalStuff/output/_temporary/0/task_201602102226_0001_m_000004
 16/02/10 22:26:59 INFO SparkHadoopMapRedUtil: attempt_201602102226_0001_m_000004_17: Committed
 16/02/10 22:26:59 INFO Executor: Finished task 4.0 in stage 1.0 (TID 17). 1165 bytes result sent to driver
 16/02/10 22:26:59 INFO TaskSetManager: Starting task 5.0 in stage 1.0 (TID 18, localhost, partition 5,NODE_LOCAL, 1894 bytes)
 16/02/10 22:26:59 INFO TaskSetManager: Finished task 4.0 in stage 1.0 (TID 17) in 606 ms on localhost (5/13)
 16/02/10 22:26:59 INFO Executor: Running task 5.0 in stage 1.0 (TID 18)
 16/02/10 22:26:59 INFO ShuffleBlockFetcherIterator: Getting 13 non-empty blocks out of 13 blocks
 16/02/10 22:26:59 INFO ShuffleBlockFetcherIterator: Started 0 remote fetches in 0 ms
 16/02/10 22:26:59 INFO FileOutputCommitter: Saved output of task 'attempt_201602102226_0001_m_000005_18' to file:/home/puri1513/Desktop/FinalStuff/output/_temporary/0/task_201602102226_0001_m_000005
 16/02/10 22:26:59 INFO SparkHadoopMapRedUtil: attempt_201602102226_0001_m_000005_18: Committed
 16/02/10 22:26:59 INFO Executor: Finished task 5.0 in stage 1.0 (TID 18). 1165 bytes result sent to driver
 16/02/10 22:26:59 INFO TaskSetManager: Starting task 6.0 in stage 1.0 (TID 19, localhost, partition 6,NODE_LOCAL, 1894 bytes)
 16/02/10 22:26:59 INFO TaskSetManager: Finished task 5.0 in stage 1.0 (TID 18) in 616 ms on localhost (6/13)
 16/02/10 22:26:59 INFO Executor: Running task 6.0 in stage 1.0 (TID 19)
 16/02/10 22:26:59 INFO ShuffleBlockFetcherIterator: Getting 13 non-empty blocks out of 13 blocks
 16/02/10 22:26:59 INFO ShuffleBlockFetcherIterator: Started 0 remote fetches in 0 ms
 16/02/10 22:27:00 INFO FileOutputCommitter: Saved output of task 'attempt_201602102226_0001_m_000006_19' to file:/home/puri1513/Desktop/FinalStuff/output/_temporary/0/task_201602102226_0001_m_000006
 16/02/10 22:27:00 INFO SparkHadoopMapRedUtil: attempt_201602102226_0001_m_000006_19: Committed
 16/02/10 22:27:00 INFO Executor: Finished task 6.0 in stage 1.0 (TID 19). 1165 bytes result sent to driver
 16/02/10 22:27:00 INFO TaskSetManager: Starting task 7.0 in stage 1.0 (TID 20, localhost, partition 7,NODE_LOCAL, 1894 bytes)
 16/02/10 22:27:00 INFO TaskSetManager: Finished task 6.0 in stage 1.0 (TID 19) in 703 ms on localhost (7/13)
 16/02/10 22:27:00 INFO Executor: Running task 7.0 in stage 1.0 (TID 20)
 16/02/10 22:27:00 INFO ShuffleBlockFetcherIterator: Getting 13 non-empty blocks out of 13 blocks
 16/02/10 22:27:00 INFO ShuffleBlockFetcherIterator: Started 0 remote fetches in 1 ms
 16/02/10 22:27:01 INFO FileOutputCommitter: Saved output of task 'attempt_201602102226_0001_m_000007_20' to file:/home/puri1513/Desktop/FinalStuff/output/_temporary/0/task_201602102226_0001_m_000007
 16/02/10 22:27:01 INFO SparkHadoopMapRedUtil: attempt_201602102226_0001_m_000007_20: Committed
 16/02/10 22:27:01 INFO Executor: Finished task 7.0 in stage 1.0 (TID 20). 1165 bytes result sent to driver
 16/02/10 22:27:01 INFO TaskSetManager: Starting task 8.0 in stage 1.0 (TID 21, localhost, partition 8,NODE_LOCAL, 1894 bytes)
 16/02/10 22:27:01 INFO TaskSetManager: Finished task 7.0 in stage 1.0 (TID 20) in 637 ms on localhost (8/13)
 16/02/10 22:27:01 INFO Executor: Running task 8.0 in stage 1.0 (TID 21)
 16/02/10 22:27:01 INFO ShuffleBlockFetcherIterator: Getting 13 non-empty blocks out of 13 blocks
 16/02/10 22:27:01 INFO ShuffleBlockFetcherIterator: Started 0 remote fetches in 0 ms
 16/02/10 22:27:01 INFO FileOutputCommitter: Saved output of task 'attempt_201602102226_0001_m_000008_21' to file:/home/puri1513/Desktop/FinalStuff/output/_temporary/0/task_201602102226_0001_m_000008
 16/02/10 22:27:01 INFO SparkHadoopMapRedUtil: attempt_201602102226_0001_m_000008_21: Committed
 16/02/10 22:27:01 INFO Executor: Finished task 8.0 in stage 1.0 (TID 21). 1165 bytes result sent to driver
 16/02/10 22:27:01 INFO TaskSetManager: Starting task 9.0 in stage 1.0 (TID 22, localhost, partition 9,NODE_LOCAL, 1894 bytes)
 16/02/10 22:27:01 INFO TaskSetManager: Finished task 8.0 in stage 1.0 (TID 21) in 630 ms on localhost (9/13)
 16/02/10 22:27:01 INFO Executor: Running task 9.0 in stage 1.0 (TID 22)
 16/02/10 22:27:01 INFO ShuffleBlockFetcherIterator: Getting 13 non-empty blocks out of 13 blocks
 16/02/10 22:27:01 INFO ShuffleBlockFetcherIterator: Started 0 remote fetches in 0 ms
 16/02/10 22:27:02 INFO FileOutputCommitter: Saved output of task 'attempt_201602102226_0001_m_000009_22' to file:/home/puri1513/Desktop/FinalStuff/output/_temporary/0/task_201602102226_0001_m_000009
 16/02/10 22:27:02 INFO SparkHadoopMapRedUtil: attempt_201602102226_0001_m_000009_22: Committed
 16/02/10 22:27:02 INFO Executor: Finished task 9.0 in stage 1.0 (TID 22). 1165 bytes result sent to driver
 16/02/10 22:27:02 INFO TaskSetManager: Starting task 10.0 in stage 1.0 (TID 23, localhost, partition 10,NODE_LOCAL, 1894 bytes)
 16/02/10 22:27:02 INFO Executor: Running task 10.0 in stage 1.0 (TID 23)
 16/02/10 22:27:02 INFO TaskSetManager: Finished task 9.0 in stage 1.0 (TID 22) in 619 ms on localhost (10/13)
 16/02/10 22:27:02 INFO ShuffleBlockFetcherIterator: Getting 13 non-empty blocks out of 13 blocks
 16/02/10 22:27:02 INFO ShuffleBlockFetcherIterator: Started 0 remote fetches in 0 ms
 16/02/10 22:27:03 INFO FileOutputCommitter: Saved output of task 'attempt_201602102226_0001_m_000010_23' to file:/home/puri1513/Desktop/FinalStuff/output/_temporary/0/task_201602102226_0001_m_000010
 16/02/10 22:27:03 INFO SparkHadoopMapRedUtil: attempt_201602102226_0001_m_000010_23: Committed
 16/02/10 22:27:03 INFO Executor: Finished task 10.0 in stage 1.0 (TID 23). 1165 bytes result sent to driver
 16/02/10 22:27:03 INFO TaskSetManager: Starting task 11.0 in stage 1.0 (TID 24, localhost, partition 11,NODE_LOCAL, 1894 bytes)
 16/02/10 22:27:03 INFO TaskSetManager: Finished task 10.0 in stage 1.0 (TID 23) in 1163 ms on localhost (11/13)
 16/02/10 22:27:03 INFO Executor: Running task 11.0 in stage 1.0 (TID 24)
 16/02/10 22:27:03 INFO ShuffleBlockFetcherIterator: Getting 13 non-empty blocks out of 13 blocks
 16/02/10 22:27:03 INFO ShuffleBlockFetcherIterator: Started 0 remote fetches in 0 ms
 16/02/10 22:27:04 INFO BlockManagerInfo: Removed broadcast_1_piece0 on localhost:44249 in memory (size: 2.3 KB, free: 517.4 MB)
 16/02/10 22:27:04 INFO FileOutputCommitter: Saved output of task 'attempt_201602102226_0001_m_000011_24' to file:/home/puri1513/Desktop/FinalStuff/output/_temporary/0/task_201602102226_0001_m_000011
 16/02/10 22:27:04 INFO SparkHadoopMapRedUtil: attempt_201602102226_0001_m_000011_24: Committed
 16/02/10 22:27:04 INFO Executor: Finished task 11.0 in stage 1.0 (TID 24). 1165 bytes result sent to driver
 16/02/10 22:27:04 INFO TaskSetManager: Starting task 12.0 in stage 1.0 (TID 25, localhost, partition 12,NODE_LOCAL, 1894 bytes)
 16/02/10 22:27:04 INFO TaskSetManager: Finished task 11.0 in stage 1.0 (TID 24) in 1027 ms on localhost (12/13)
 16/02/10 22:27:04 INFO Executor: Running task 12.0 in stage 1.0 (TID 25)
 16/02/10 22:27:04 INFO ShuffleBlockFetcherIterator: Getting 13 non-empty blocks out of 13 blocks
 16/02/10 22:27:04 INFO ShuffleBlockFetcherIterator: Started 0 remote fetches in 1 ms
 16/02/10 22:27:05 INFO FileOutputCommitter: Saved output of task 'attempt_201602102226_0001_m_000012_25' to file:/home/puri1513/Desktop/FinalStuff/output/_temporary/0/task_201602102226_0001_m_000012
 16/02/10 22:27:05 INFO SparkHadoopMapRedUtil: attempt_201602102226_0001_m_000012_25: Committed
 16/02/10 22:27:05 INFO Executor: Finished task 12.0 in stage 1.0 (TID 25). 1165 bytes result sent to driver
 16/02/10 22:27:05 INFO TaskSetManager: Finished task 12.0 in stage 1.0 (TID 25) in 802 ms on localhost (13/13)
 16/02/10 22:27:05 INFO TaskSchedulerImpl: Removed TaskSet 1.0, whose tasks have all completed, from pool 
 16/02/10 22:27:05 INFO DAGScheduler: ResultStage 1 (saveAsTextFile at <console>:32) finished in 10.774 s
 16/02/10 22:27:05 INFO DAGScheduler: Job 0 finished: saveAsTextFile at <console>:32, took 21.334838 s
 